0 info it worked if it ends with ok
1 verbose cli [ '/usr/local/Cellar/node/7.4.0/bin/node',
1 verbose cli   '/usr/local/bin/npm',
1 verbose cli   'install' ]
2 info using npm@4.1.1
3 info using node@v7.4.0
4 silly loadCurrentTree Starting
5 silly install loadCurrentTree
6 silly install readLocalPackageData
7 silly install normalizeTree
8 silly loadCurrentTree Finishing
9 silly loadIdealTree Starting
10 silly install loadIdealTree
11 silly cloneCurrentTree Starting
12 silly install cloneCurrentTreeToIdealTree
13 silly cloneCurrentTree Finishing
14 silly loadShrinkwrap Starting
15 silly install loadShrinkwrap
16 silly loadShrinkwrap Finishing
17 silly loadAllDepsIntoIdealTree Starting
18 silly install loadAllDepsIntoIdealTree
19 silly fetchNamedPackageData ajax-request
20 silly mapToRegistry name ajax-request
21 silly mapToRegistry using default registry
22 silly mapToRegistry registry https://registry.npmjs.org/
23 silly mapToRegistry data Result {
23 silly mapToRegistry   raw: 'ajax-request',
23 silly mapToRegistry   scope: null,
23 silly mapToRegistry   escapedName: 'ajax-request',
23 silly mapToRegistry   name: 'ajax-request',
23 silly mapToRegistry   rawSpec: '',
23 silly mapToRegistry   spec: 'latest',
23 silly mapToRegistry   type: 'tag' }
24 silly mapToRegistry uri https://registry.npmjs.org/ajax-request
25 verbose request uri https://registry.npmjs.org/ajax-request
26 verbose request no auth needed
27 info attempt registry request try #1 at 7:28:50 PM
28 verbose request id 267592a3a71cd6d6
29 http request GET https://registry.npmjs.org/ajax-request
30 http 200 https://registry.npmjs.org/ajax-request
31 verbose headers { server: 'nginx/1.10.1',
31 verbose headers   'content-type': 'application/json',
31 verbose headers   'last-modified': 'Mon, 16 Jan 2017 14:33:53 GMT',
31 verbose headers   etag: 'W/"587cd9d1-3999"',
31 verbose headers   'content-encoding': 'gzip',
31 verbose headers   'cache-control': 'max-age=300',
31 verbose headers   'content-length': '2463',
31 verbose headers   'accept-ranges': 'bytes',
31 verbose headers   date: 'Thu, 19 Jan 2017 00:24:06 GMT',
31 verbose headers   via: '1.1 varnish',
31 verbose headers   age: '0',
31 verbose headers   connection: 'keep-alive',
31 verbose headers   'x-served-by': 'cache-atl6247-ATL',
31 verbose headers   'x-cache': 'MISS',
31 verbose headers   'x-cache-hits': '0',
31 verbose headers   'x-timer': 'S1484785446.518783,VS0,VE287',
31 verbose headers   vary: 'Accept-Encoding' }
32 silly get cb [ 200,
32 silly get   { server: 'nginx/1.10.1',
32 silly get     'content-type': 'application/json',
32 silly get     'last-modified': 'Mon, 16 Jan 2017 14:33:53 GMT',
32 silly get     etag: 'W/"587cd9d1-3999"',
32 silly get     'content-encoding': 'gzip',
32 silly get     'cache-control': 'max-age=300',
32 silly get     'content-length': '2463',
32 silly get     'accept-ranges': 'bytes',
32 silly get     date: 'Thu, 19 Jan 2017 00:24:06 GMT',
32 silly get     via: '1.1 varnish',
32 silly get     age: '0',
32 silly get     connection: 'keep-alive',
32 silly get     'x-served-by': 'cache-atl6247-ATL',
32 silly get     'x-cache': 'MISS',
32 silly get     'x-cache-hits': '0',
32 silly get     'x-timer': 'S1484785446.518783,VS0,VE287',
32 silly get     vary: 'Accept-Encoding' } ]
33 verbose get saving ajax-request to /Users/rebeccahu/.npm/registry.npmjs.org/ajax-request/.cache.json
34 verbose correctMkdir /Users/rebeccahu/.npm correctMkdir not in flight; initializing
35 silly fetchPackageMetaData Error: No compatible version found: ajax-request@=>1.2.1
35 silly fetchPackageMetaData Valid install targets:
35 silly fetchPackageMetaData 1.0.0, 1.0.1, 1.0.3, 1.0.4, 1.0.5, 1.0.6, 1.0.7, 1.1.0, 1.2.0, 1.2.1
35 silly fetchPackageMetaData
35 silly fetchPackageMetaData     at pickVersionFromRegistryDocument (/usr/local/lib/node_modules/npm/lib/fetch-package-metadata.js:158:16)
35 silly fetchPackageMetaData     at /usr/local/lib/node_modules/npm/node_modules/iferr/index.js:13:50
35 silly fetchPackageMetaData     at /usr/local/lib/node_modules/npm/lib/utils/pulse-till-done.js:20:8
35 silly fetchPackageMetaData     at saved (/usr/local/lib/node_modules/npm/lib/cache/caching-client.js:174:7)
35 silly fetchPackageMetaData     at /usr/local/lib/node_modules/npm/node_modules/graceful-fs/polyfills.js:261:18
35 silly fetchPackageMetaData     at FSReqWrap.oncomplete (fs.js:112:15)
35 silly fetchPackageMetaData  error for ajax-request@=>1.2.1 { Error: No compatible version found: ajax-request@=>1.2.1
35 silly fetchPackageMetaData Valid install targets:
35 silly fetchPackageMetaData 1.0.0, 1.0.1, 1.0.3, 1.0.4, 1.0.5, 1.0.6, 1.0.7, 1.1.0, 1.2.0, 1.2.1
35 silly fetchPackageMetaData
35 silly fetchPackageMetaData     at pickVersionFromRegistryDocument (/usr/local/lib/node_modules/npm/lib/fetch-package-metadata.js:158:16)
35 silly fetchPackageMetaData     at /usr/local/lib/node_modules/npm/node_modules/iferr/index.js:13:50
35 silly fetchPackageMetaData     at /usr/local/lib/node_modules/npm/lib/utils/pulse-till-done.js:20:8
35 silly fetchPackageMetaData     at saved (/usr/local/lib/node_modules/npm/lib/cache/caching-client.js:174:7)
35 silly fetchPackageMetaData     at /usr/local/lib/node_modules/npm/node_modules/graceful-fs/polyfills.js:261:18
35 silly fetchPackageMetaData     at FSReqWrap.oncomplete (fs.js:112:15) code: 'ETARGET' }
36 silly rollbackFailedOptional Starting
37 silly rollbackFailedOptional Finishing
38 silly runTopLevelLifecycles Finishing
39 silly install printInstalled
40 verbose stack Error: No compatible version found: ajax-request@=>1.2.1
40 verbose stack Valid install targets:
40 verbose stack 1.0.0, 1.0.1, 1.0.3, 1.0.4, 1.0.5, 1.0.6, 1.0.7, 1.1.0, 1.2.0, 1.2.1
40 verbose stack
40 verbose stack     at pickVersionFromRegistryDocument (/usr/local/lib/node_modules/npm/lib/fetch-package-metadata.js:158:16)
40 verbose stack     at /usr/local/lib/node_modules/npm/node_modules/iferr/index.js:13:50
40 verbose stack     at /usr/local/lib/node_modules/npm/lib/utils/pulse-till-done.js:20:8
40 verbose stack     at saved (/usr/local/lib/node_modules/npm/lib/cache/caching-client.js:174:7)
40 verbose stack     at /usr/local/lib/node_modules/npm/node_modules/graceful-fs/polyfills.js:261:18
40 verbose stack     at FSReqWrap.oncomplete (fs.js:112:15)
41 verbose cwd /Users/rebeccahu/Desktop/remote/seosite-dashboard
42 error Darwin 14.5.0
43 error argv "/usr/local/Cellar/node/7.4.0/bin/node" "/usr/local/bin/npm" "install"
44 error node v7.4.0
45 error npm  v4.1.1
46 error code ETARGET
47 error notarget No compatible version found: ajax-request@=>1.2.1
47 error notarget Valid install targets:
47 error notarget 1.0.0, 1.0.1, 1.0.3, 1.0.4, 1.0.5, 1.0.6, 1.0.7, 1.1.0, 1.2.0, 1.2.1
48 error notarget This is most likely not a problem with npm itself.
48 error notarget In most cases you or one of your dependencies are requesting
48 error notarget a package version that doesn't exist.
48 error notarget
48 error notarget It was specified as a dependency of 'node-stripe-membership-saas'
49 verbose exit [ 1, true ]
